16:54:34 **** Incremental Build of configuration Debug for project Stop_Watch ****
make all 
Building file: ../Stop_Watch.c
Invoking: AVR Compiler
avr-gcc -Wall -g2 -gstabs -O0 -fpack-struct -fshort-enums -ffunction-sections -fdata-sections -std=gnu99 -funsigned-char -funsigned-bitfields -mmcu=atmega32 -DF_CPU=1000000UL -MMD -MP -MF"Stop_Watch.d" -MT"Stop_Watch.o" -c -o "Stop_Watch.o" "../Stop_Watch.c"
In file included from ../Stop_Watch.c:12:
c:/winavr-20100110/lib/gcc/../../avr/include/util/delay.h:90:3: warning: #warning "Compiler optimizations disabled; functions from <util/delay.h> won't work as designed"
Finished building: ../Stop_Watch.c
 
Building target: Stop_Watch.elf
Invoking: AVR C Linker
avr-gcc -Wl,-Map,Stop_Watch.map -mmcu=atmega32 -o "Stop_Watch.elf"  ./Stop_Watch.o   
Finished building target: Stop_Watch.elf
 
Invoking: AVR Create Extended Listing
avr-objdump -h -S Stop_Watch.elf  >"Stop_Watch.lss"
Finished building: Stop_Watch.lss
 
Create Flash image (ihex format)
avr-objcopy -R .eeprom -R .fuse -R .lock -R .signature -O ihex Stop_Watch.elf  "Stop_Watch.hex"
Finished building: Stop_Watch.hex
 
Invoking: Print Size
avr-size --format=avr --mcu=atmega32 Stop_Watch.elf
AVR Memory Usage
----------------
Device: atmega32

Program:    5466 bytes (16.7% Full)
(.text + .data + .bootloader)

Data:         11 bytes (0.5% Full)
(.data + .bss + .noinit)


Finished building: sizedummy
 

16:54:35 Build Finished. 0 errors, 1 warnings. (took 670ms)

